  User.cpp
d:\luxoft\race only with stl\race only with stl\user.cpp(15): warning C4996: 'getch': The POSIX name for this item is deprecated. Instead, use the ISO C and C++ conformant name: _getch. See online help for details.
  c:\program files (x86)\windows kits\10\include\10.0.10240.0\ucrt\conio.h(452): note:  см. объявление "getch"
  Menu.cpp
d:\luxoft\race only with stl\race only with stl\menu.cpp(18): warning C4996: 'getch': The POSIX name for this item is deprecated. Instead, use the ISO C and C++ conformant name: _getch. See online help for details.
  c:\program files (x86)\windows kits\10\include\10.0.10240.0\ucrt\conio.h(452): note:  см. объявление "getch"
  FourRoadsOutput.cpp
d:\luxoft\race only with stl\race only with stl\fourroadsoutput.cpp(151): warning C4996: 'kbhit': The POSIX name for this item is deprecated. Instead, use the ISO C and C++ conformant name: _kbhit. See online help for details.
  c:\program files (x86)\windows kits\10\include\10.0.10240.0\ucrt\conio.h(458): note:  см. объявление "kbhit"
d:\luxoft\race only with stl\race only with stl\fourroadsoutput.cpp(180): warning C4996: '_sleep': This function or variable has been superceded by newer library or operating system functionality. Consider using Sleep instead. See online help for details.
  c:\program files (x86)\windows kits\10\include\10.0.10240.0\ucrt\stdlib.h(1266): note:  см. объявление "_sleep"
  Counter.cpp
d:\luxoft\race only with stl\race only with stl\counter.cpp(10): warning C4244: =: преобразование "__int64" в "int", возможна потеря данных
d:\luxoft\race only with stl\race only with stl\counter.cpp(46): warning C4244: =: преобразование "__int64" в "int", возможна потеря данных
  ConsoleOutput.cpp
d:\luxoft\race only with stl\race only with stl\consoleoutput.cpp(110): warning C4996: 'kbhit': The POSIX name for this item is deprecated. Instead, use the ISO C and C++ conformant name: _kbhit. See online help for details.
  c:\program files (x86)\windows kits\10\include\10.0.10240.0\ucrt\conio.h(458): note:  см. объявление "kbhit"
d:\luxoft\race only with stl\race only with stl\consoleoutput.cpp(129): warning C4996: '_sleep': This function or variable has been superceded by newer library or operating system functionality. Consider using Sleep instead. See online help for details.
  c:\program files (x86)\windows kits\10\include\10.0.10240.0\ucrt\stdlib.h(1266): note:  см. объявление "_sleep"
  Barrier.cpp
  Создание кода...
  Компиляция...
  Main.cpp
d:\luxoft\race only with stl\race only with stl\main.cpp(9): warning C4244: аргумент: преобразование "time_t" в "unsigned int", возможна потеря данных
d:\luxoft\race only with stl\race only with stl\main.cpp(35): warning C4996: '_sleep': This function or variable has been superceded by newer library or operating system functionality. Consider using Sleep instead. See online help for details.
  c:\program files (x86)\windows kits\10\include\10.0.10240.0\ucrt\stdlib.h(1266): note:  см. объявление "_sleep"
  Создание кода...
  race only with STL.vcxproj -> D:\luxoft\race only with STL\Debug\race only with STL.exe
